[main ac41032] Complete tasks on API stubs, frontend shell, Azure IaC
 Date: Sat Jul 4 01:20:20 2026 +0530
 17 files changed, 869 insertions(+)
 create mode 100644 .github/workflows/deploy-backend.yml
 create mode 100644 .github/workflows/deploy-frontend.yml
 create mode 100644 api_contracts/openapi.yaml
 create mode 100644 frontend/index.html
 create mode 100644 frontend/package.json
 create mode 100644 frontend/src/App.css
 create mode 100644 frontend/src/App.tsx
 create mode 100644 frontend/src/index.css
 create mode 100644 frontend/src/main.tsx
 create mode 100644 frontend/src/pages/AIAdvisor.tsx
 create mode 100644 frontend/src/pages/Dashboard.tsx
 create mode 100644 frontend/src/pages/DocumentHub.tsx
 create mode 100644 frontend/src/pages/SchemeMatcher.tsx
 create mode 100644 frontend/tsconfig.json
 create mode 100644 frontend/tsconfig.node.json
 create mode 100644 frontend/vite.config.ts
 create mode 100644 infra/main.bicep
